<?xml version="1.0" encoding="UTF-8"?>
<!-- Generated by org.testng.reporters.JUnitReportReporter -->
<testsuite hostname="DESKTOP-6T5VC1I" failures="0" tests="1" name="TestRunner.CucumberTestRunnerwithTags" time="0.070" errors="0" timestamp="2024-10-31T22:10:16 IST" skipped="0">
  <testcase classname="TestRunner.CucumberTestRunnerwithTags" name="runScenario" time="0.070"/>
  <system-out/>
</testsuite> <!-- TestRunner.CucumberTestRunnerwithTags -->
